<?xml version="1.0" encoding="UTF-8"?>
<testsuite xmlns:xsi="http://www.w3.org/2001/XMLSchema-instance" xsi:noNamespaceSchemaLocation="https://maven.apache.org/surefire/maven-surefire-plugin/xsd/surefire-test-report-3.0.xsd" version="3.0" name="tek.sdet.framework.runner.TestRunner" time="72.682" tests="7" errors="0" skipped="0" failures="0">
  <properties>
[...]
</properties>
  <testcase name="Verify user can search a product" classname="This feature is use for testing UI of Retail page" time="11.228">
    <system-out><![CDATA[
@JenkinsTriggerTest
Scenario: Verify user can search a product # features/RetailHome.feature:5
 INFO [main] (RetailSteps.java:28)- user is on retail website
 INFO [main] (RetailSteps.java:29)- Actual Title React App Equals  ExpectedTitle React App
  Given User is on retail website          # tek.sdet.framework.steps.RetailSteps.userIsOnRetailWebsite()
 INFO [main] (RetailSteps.java:37)- user searched for product pokemon
  When User search for "pokemon" product   # tek.sdet.framework.steps.RetailSteps.userSearchForProduct(java.lang.String)
 INFO [main] (RetailSteps.java:43)- the Product is displayed on home page
  Then The product should be displayed     # tek.sdet.framework.steps.RetailSteps.theProductShouldBeDisplayed()
]]></system-out>
    <system-err><![CDATA[SLF4J: Failed to load class "org.slf4j.impl.StaticLoggerBinder".
SLF4J: Defaulting to no-operation (NOP) logger implementation
SLF4J: See http://www.slf4j.org/codes.html#StaticLoggerBinder for further details.
ERROR StatusLogger Log4j2 could not find a logging implementation. Please add log4j-core to the classpath. Using SimpleLogger to log to the console...
1690294503630	geckodriver	INFO	Listening on 127.0.0.1:65333
1690294503845	mozrunner::runner	INFO	Running command: "C:\\Program Files\\Mozilla Firefox\\firefox.exe" "--marionette" "--remote-debugging-port" "54340" "--remote ... ow-origins" "http://localhost:54340/" "-no-remote" "-profile" "C:\\Users\\aaiqb\\AppData\\Local\\Temp\\rust_mozprofileQSz8Pw"
console.warn: services.settings: Ignoring preference override of remote settings server
console.warn: services.settings: Allow by setting MOZ_REMOTE_SETTINGS_DEVTOOLS=1 in the environment
1690294504095	Marionette	INFO	Marionette enabled
Dynamically enable window occlusion 0
1690294504147	Marionette	INFO	Listening on port 59503
WebDriver BiDi listening on ws://127.0.0.1:54340
Read port: 59503
1690294504282	RemoteAgent	WARN	TLS certificate errors will be ignored for this session
DevTools listening on ws://127.0.0.1:54340/devtools/browser/ab13b3c6-3be2-400c-aaa8-a4ddb63985bb
Jul 25, 2023 10:15:05 AM org.openqa.selenium.remote.ProtocolHandshake createSession
INFO: Detected upstream dialect: W3C
1690294512874	Marionette	INFO	Stopped listening on port 59503
Dynamically enable window occlusion 1
]]></system-err>
  </testcase>
  <testcase name="Verify Shop by Department sidebar" classname="This feature is use for testing UI of Retail page" time="10.65">
    <system-out><![CDATA[
@JenkinsTriggerTest
Scenario: Verify Shop by Department sidebar                    # features/RetailHome.feature:11
 INFO [main] (RetailSteps.java:28)- user is on retail website
 INFO [main] (RetailSteps.java:29)- Actual Title React App Equals  ExpectedTitle React App
  Given User is on retail website                              # tek.sdet.framework.steps.RetailSteps.userIsOnRetailWebsite()
 INFO [main] (RetailSteps.java:50)- user clicked on All section
  When User click on All section                               # tek.sdet.framework.steps.RetailSteps.userClickOnAllSection()
 INFO [main] (RetailSteps.java:62)- Electronics is equal to Electronics
 INFO [main] (RetailSteps.java:62)- Computers is equal to Computers
 INFO [main] (RetailSteps.java:62)- Smart Home is equal to Smart Home
 INFO [main] (RetailSteps.java:62)- Sports is equal to Sports
 INFO [main] (RetailSteps.java:62)- Automative is equal to Automative
  Then below options are present in shop by department sidebar # tek.sdet.framework.steps.RetailSteps.belowOptionsArePresentInShopByDepartmentSidebar(io.cucumber.datatable.DataTable)
    | Electronics | Computers | Smart Home | Sports | Automative |
]]></system-out>
    <system-err><![CDATA[1690294513918	geckodriver	INFO	Listening on 127.0.0.1:58248
1690294513934	mozrunner::runner	INFO	Running command: "C:\\Program Files\\Mozilla Firefox\\firefox.exe" "--marionette" "--remote-debugging-port" "55789" "--remote ... ow-origins" "http://localhost:55789/" "-no-remote" "-profile" "C:\\Users\\aaiqb\\AppData\\Local\\Temp\\rust_mozprofile8V7d5v"
console.warn: services.settings: Ignoring preference override of remote settings server
console.warn: services.settings: Allow by setting MOZ_REMOTE_SETTINGS_DEVTOOLS=1 in the environment
1690294514174	Marionette	INFO	Marionette enabled
Dynamically enable window occlusion 0
1690294514223	Marionette	INFO	Listening on port 59562
WebDriver BiDi listening on ws://127.0.0.1:55789
Read port: 59562
1690294514351	RemoteAgent	WARN	TLS certificate errors will be ignored for this session
DevTools listening on ws://127.0.0.1:55789/devtools/browser/d2e29135-8b5a-460d-86b9-f9a248ab72b2
Jul 25, 2023 10:15:15 AM org.openqa.selenium.remote.ProtocolHandshake createSession
INFO: Detected upstream dialect: W3C
1690294523572	Marionette	INFO	Stopped listening on port 59562
Dynamically enable window occlusion 1
]]></system-err>
  </testcase>
  <testcase name="Verify Department sidebar options #1" classname="This feature is use for testing UI of Retail page" time="10.691">
    <system-out><![CDATA[
@JenkinsTriggerTest
Scenario Outline: Verify Department sidebar options # features/RetailHome.feature:27
 INFO [main] (RetailSteps.java:28)- user is on retail website
 INFO [main] (RetailSteps.java:29)- Actual Title React App Equals  ExpectedTitle React App
  Given User is on retail website                   # tek.sdet.framework.steps.RetailSteps.userIsOnRetailWebsite()
 INFO [main] (RetailSteps.java:50)- user clicked on All section
  When User click on All section                    # tek.sdet.framework.steps.RetailSteps.userClickOnAllSection()
  And User on 'Electronics'                         # tek.sdet.framework.steps.RetailSteps.userOnElectronics(java.lang.String)
 INFO [main] (RetailSteps.java:100)- TV & Video is present 
 INFO [main] (RetailSteps.java:100)- Video Games is present 
  Then below options are present in department      # tek.sdet.framework.steps.RetailSteps.belowOptionsArePresentInDepartment(io.cucumber.datatable.DataTable)
    | TV & Video | Video Games |
]]></system-out>
    <system-err><![CDATA[1690294524505	geckodriver	INFO	Listening on 127.0.0.1:54767
1690294524520	mozrunner::runner	INFO	Running command: "C:\\Program Files\\Mozilla Firefox\\firefox.exe" "--marionette" "--remote-debugging-port" "55135" "--remote ... ow-origins" "http://localhost:55135/" "-no-remote" "-profile" "C:\\Users\\aaiqb\\AppData\\Local\\Temp\\rust_mozprofileiG99sC"
console.warn: services.settings: Ignoring preference override of remote settings server
console.warn: services.settings: Allow by setting MOZ_REMOTE_SETTINGS_DEVTOOLS=1 in the environment
1690294524756	Marionette	INFO	Marionette enabled
Dynamically enable window occlusion 0
1690294524806	Marionette	INFO	Listening on port 59640
WebDriver BiDi listening on ws://127.0.0.1:55135
Read port: 59640
1690294524932	RemoteAgent	WARN	TLS certificate errors will be ignored for this session
DevTools listening on ws://127.0.0.1:55135/devtools/browser/3adbb449-9272-4fd2-bcb3-1e7a9b667c28
Jul 25, 2023 10:15:25 AM org.openqa.selenium.remote.ProtocolHandshake createSession
INFO: Detected upstream dialect: W3C
1690294534254	Marionette	INFO	Stopped listening on port 59640
Dynamically enable window occlusion 1
]]></system-err>
  </testcase>
  <testcase name="Verify Department sidebar options #2" classname="This feature is use for testing UI of Retail page" time="9.793">
    <system-out><![CDATA[
@JenkinsTriggerTest
Scenario Outline: Verify Department sidebar options # features/RetailHome.feature:28
 INFO [main] (RetailSteps.java:28)- user is on retail website
 INFO [main] (RetailSteps.java:29)- Actual Title React App Equals  ExpectedTitle React App
  Given User is on retail website                   # tek.sdet.framework.steps.RetailSteps.userIsOnRetailWebsite()
 INFO [main] (RetailSteps.java:50)- user clicked on All section
  When User click on All section                    # tek.sdet.framework.steps.RetailSteps.userClickOnAllSection()
  And User on 'Computers'                           # tek.sdet.framework.steps.RetailSteps.userOnElectronics(java.lang.String)
 INFO [main] (RetailSteps.java:100)- Accessories is present 
 INFO [main] (RetailSteps.java:100)- Networking is present 
  Then below options are present in department      # tek.sdet.framework.steps.RetailSteps.belowOptionsArePresentInDepartment(io.cucumber.datatable.DataTable)
    | Accessories | Networking |
]]></system-out>
    <system-err><![CDATA[1690294535267	geckodriver	INFO	Listening on 127.0.0.1:63486
1690294535292	mozrunner::runner	INFO	Running command: "C:\\Program Files\\Mozilla Firefox\\firefox.exe" "--marionette" "--remote-debugging-port" "54066" "--remote ... ow-origins" "http://localhost:54066/" "-no-remote" "-profile" "C:\\Users\\aaiqb\\AppData\\Local\\Temp\\rust_mozprofileMrFBxi"
console.warn: services.settings: Ignoring preference override of remote settings server
console.warn: services.settings: Allow by setting MOZ_REMOTE_SETTINGS_DEVTOOLS=1 in the environment
1690294535548	Marionette	INFO	Marionette enabled
Dynamically enable window occlusion 0
1690294535602	Marionette	INFO	Listening on port 59709
WebDriver BiDi listening on ws://127.0.0.1:54066
Read port: 59709
1690294535725	RemoteAgent	WARN	TLS certificate errors will be ignored for this session
DevTools listening on ws://127.0.0.1:54066/devtools/browser/02fc47a0-03ee-4d34-92da-6ec21bc15a2d
Jul 25, 2023 10:15:36 AM org.openqa.selenium.remote.ProtocolHandshake createSession
INFO: Detected upstream dialect: W3C
1690294544028	Marionette	INFO	Stopped listening on port 59709
Dynamically enable window occlusion 1
]]></system-err>
  </testcase>
  <testcase name="Verify Department sidebar options #3" classname="This feature is use for testing UI of Retail page" time="11.218">
    <system-out><![CDATA[
@JenkinsTriggerTest
Scenario Outline: Verify Department sidebar options # features/RetailHome.feature:29
 INFO [main] (RetailSteps.java:28)- user is on retail website
 INFO [main] (RetailSteps.java:29)- Actual Title React App Equals  ExpectedTitle React App
  Given User is on retail website                   # tek.sdet.framework.steps.RetailSteps.userIsOnRetailWebsite()
 INFO [main] (RetailSteps.java:50)- user clicked on All section
  When User click on All section                    # tek.sdet.framework.steps.RetailSteps.userClickOnAllSection()
  And User on 'Smart Home'                          # tek.sdet.framework.steps.RetailSteps.userOnElectronics(java.lang.String)
 INFO [main] (RetailSteps.java:100)- Smart Home Lightning is present 
 INFO [main] (RetailSteps.java:100)- Plugs and Outlets is present 
  Then below options are present in department      # tek.sdet.framework.steps.RetailSteps.belowOptionsArePresentInDepartment(io.cucumber.datatable.DataTable)
    | Smart Home Lightning | Plugs and Outlets |
]]></system-out>
    <system-err><![CDATA[1690294545014	geckodriver	INFO	Listening on 127.0.0.1:52025
1690294545029	mozrunner::runner	INFO	Running command: "C:\\Program Files\\Mozilla Firefox\\firefox.exe" "--marionette" "--remote-debugging-port" "55965" "--remote ... ow-origins" "http://localhost:55965/" "-no-remote" "-profile" "C:\\Users\\aaiqb\\AppData\\Local\\Temp\\rust_mozprofile37fYOu"
console.warn: services.settings: Ignoring preference override of remote settings server
console.warn: services.settings: Allow by setting MOZ_REMOTE_SETTINGS_DEVTOOLS=1 in the environment
1690294545288	Marionette	INFO	Marionette enabled
Dynamically enable window occlusion 0
1690294545342	Marionette	INFO	Listening on port 59784
WebDriver BiDi listening on ws://127.0.0.1:55965
Read port: 59784
1690294545469	RemoteAgent	WARN	TLS certificate errors will be ignored for this session
DevTools listening on ws://127.0.0.1:55965/devtools/browser/c74f21bd-9f7d-49b0-ae20-61d83614d8cd
Jul 25, 2023 10:15:46 AM org.openqa.selenium.remote.ProtocolHandshake createSession
INFO: Detected upstream dialect: W3C
1690294555269	Marionette	INFO	Stopped listening on port 59784
Dynamically enable window occlusion 1
]]></system-err>
  </testcase>
  <testcase name="Verify Department sidebar options #4" classname="This feature is use for testing UI of Retail page" time="8.249">
    <system-out><![CDATA[
@JenkinsTriggerTest
Scenario Outline: Verify Department sidebar options # features/RetailHome.feature:30
 INFO [main] (RetailSteps.java:28)- user is on retail website
 INFO [main] (RetailSteps.java:29)- Actual Title React App Equals  ExpectedTitle React App
  Given User is on retail website                   # tek.sdet.framework.steps.RetailSteps.userIsOnRetailWebsite()
 INFO [main] (RetailSteps.java:50)- user clicked on All section
  When User click on All section                    # tek.sdet.framework.steps.RetailSteps.userClickOnAllSection()
  And User on 'Sports'                              # tek.sdet.framework.steps.RetailSteps.userOnElectronics(java.lang.String)
 INFO [main] (RetailSteps.java:100)- Athletic Clothing is present 
 INFO [main] (RetailSteps.java:100)- Exercise & Fitness is present 
  Then below options are present in department      # tek.sdet.framework.steps.RetailSteps.belowOptionsArePresentInDepartment(io.cucumber.datatable.DataTable)
    | Athletic Clothing | Exercise & Fitness |
]]></system-out>
    <system-err><![CDATA[1690294556278	geckodriver	INFO	Listening on 127.0.0.1:49422
1690294556302	mozrunner::runner	INFO	Running command: "C:\\Program Files\\Mozilla Firefox\\firefox.exe" "--marionette" "--remote-debugging-port" "56523" "--remote ... ow-origins" "http://localhost:56523/" "-no-remote" "-profile" "C:\\Users\\aaiqb\\AppData\\Local\\Temp\\rust_mozprofilen2UN4k"
console.warn: services.settings: Ignoring preference override of remote settings server
console.warn: services.settings: Allow by setting MOZ_REMOTE_SETTINGS_DEVTOOLS=1 in the environment
1690294556557	Marionette	INFO	Marionette enabled
Dynamically enable window occlusion 0
1690294556611	Marionette	INFO	Listening on port 59853
WebDriver BiDi listening on ws://127.0.0.1:56523
Read port: 59853
1690294556741	RemoteAgent	WARN	TLS certificate errors will be ignored for this session
DevTools listening on ws://127.0.0.1:56523/devtools/browser/639c2efa-bdd4-4ee7-bfcb-9f13627f14b1
Jul 25, 2023 10:15:57 AM org.openqa.selenium.remote.ProtocolHandshake createSession
INFO: Detected upstream dialect: W3C
1690294563512	Marionette	INFO	Stopped listening on port 59853
Dynamically enable window occlusion 1
]]></system-err>
  </testcase>
  <testcase name="Verify Department sidebar options #5" classname="This feature is use for testing UI of Retail page" time="10.158">
    <system-out><![CDATA[
@JenkinsTriggerTest
Scenario Outline: Verify Department sidebar options # features/RetailHome.feature:31
 INFO [main] (RetailSteps.java:28)- user is on retail website
 INFO [main] (RetailSteps.java:29)- Actual Title React App Equals  ExpectedTitle React App
  Given User is on retail website                   # tek.sdet.framework.steps.RetailSteps.userIsOnRetailWebsite()
 INFO [main] (RetailSteps.java:50)- user clicked on All section
  When User click on All section                    # tek.sdet.framework.steps.RetailSteps.userClickOnAllSection()
  And User on 'Automative'                          # tek.sdet.framework.steps.RetailSteps.userOnElectronics(java.lang.String)
 INFO [main] (RetailSteps.java:100)- Automative Parts & Accessories is present 
 INFO [main] (RetailSteps.java:100)- MotorCycle & Powersports is present 
  Then below options are present in department      # tek.sdet.framework.steps.RetailSteps.belowOptionsArePresentInDepartment(io.cucumber.datatable.DataTable)
    | Automative Parts & Accessories | MotorCycle & Powersports |
]]></system-out>
    <system-err><![CDATA[1690294564503	geckodriver	INFO	Listening on 127.0.0.1:54587
1690294564520	mozrunner::runner	INFO	Running command: "C:\\Program Files\\Mozilla Firefox\\firefox.exe" "--marionette" "--remote-debugging-port" "56101" "--remote ... ow-origins" "http://localhost:56101/" "-no-remote" "-profile" "C:\\Users\\aaiqb\\AppData\\Local\\Temp\\rust_mozprofileNVlLz4"
console.warn: services.settings: Ignoring preference override of remote settings server
console.warn: services.settings: Allow by setting MOZ_REMOTE_SETTINGS_DEVTOOLS=1 in the environment
1690294564768	Marionette	INFO	Marionette enabled
Dynamically enable window occlusion 0
1690294564818	Marionette	INFO	Listening on port 59931
WebDriver BiDi listening on ws://127.0.0.1:56101
Read port: 59931
1690294564948	RemoteAgent	WARN	TLS certificate errors will be ignored for this session
DevTools listening on ws://127.0.0.1:56101/devtools/browser/bd36bf7e-27bd-4300-884b-f715da681887
Jul 25, 2023 10:16:05 AM org.openqa.selenium.remote.ProtocolHandshake createSession
INFO: Detected upstream dialect: W3C
1690294573679	Marionette	INFO	Stopped listening on port 59931
Dynamically enable window occlusion 1
]]></system-err>
  </testcase>
</testsuite>