<?xml version="1.0" encoding="UTF-8"?>
<testsuite xmlns:xsi="http://www.w3.org/2001/XMLSchema-instance" xsi:noNamespaceSchemaLocation="https://maven.apache.org/surefire/maven-surefire-plugin/xsd/surefire-test-report-3.0.xsd" version="3.0" name="tek.sdet.framework.runner.TestRunner" time="9.177" tests="1" errors="0" skipped="0" failures="0">
  <properties>
[...]
</properties>
  <testcase name="Verify User can add a payment method" classname="Retail Application Account Feature" time="8.569">
    <system-out><![CDATA[
@JenkinsTriggerTest
Scenario: Verify User can add a payment method                                   # features/RetailAccount.feature:25
 INFO [main] (RetailSteps.java:28)- user is on retail website
 INFO [main] (RetailSteps.java:29)- Actual Title React App Equals  ExpectedTitle React App
  Given User is on retail website                                                # tek.sdet.framework.steps.RetailSteps.userIsOnRetailWebsite()
 INFO [main] (SignInSteps.java:18)- User clicked on Sign in Option
  When User click on Sign in option                                              # tek.sdet.framework.steps.SignInSteps.userClickOnSignInOption()
 INFO [main] (SignInSteps.java:30)- user entered email makho@tek.us and password Makho@tek7
  And User enter email 'makho@tek.us' and password 'Makho@tek7'                  # tek.sdet.framework.steps.SignInSteps.userEnterEmailAndPassword(java.lang.String,java.lang.String)
 INFO [main] (SignInSteps.java:36)- user clicked on login button
  And User click on login button                                                 # tek.sdet.framework.steps.SignInSteps.userClickOnLoginButton()
  And User should be logged in into Account                                      # tek.sdet.framework.steps.SignInSteps.userShouldBeLoggedInIntoAccount()
 INFO [main] (RetailAccountSteps.java:22)- user clicked on Account option
  When User click on Account option                                              # tek.sdet.framework.steps.RetailAccountSteps.userClickOnAccountOption()
  And User click on Add a payment method link                                    # tek.sdet.framework.steps.RetailAccountSteps.userClickOnAddPaymentMethodLink()
 INFO [main] (RetailAccountSteps.java:85)- User filled out credit card info
  And User fill Debit or credit card information                                 # tek.sdet.framework.steps.RetailAccountSteps.userFillDebitOrCreditCardInformation(io.cucumber.datatable.DataTable)
    | cartNumber | nameOnCard | expirationMonth | expirationYear | securityCode |
    | cartNumber | nameOnCard | 10              | 2024           | securityCode |
  And User click on Add your card button                                         # tek.sdet.framework.steps.RetailAccountSteps.userClickOnAddYourCardButton()
  Then a Payment message should be displayed 'Payment Method added successfully' # tek.sdet.framework.steps.RetailAccountSteps.aMessageShouldBeDisplayedPaymentAddedSuccessfully(java.lang.String)
]]></system-out>
    <system-err><![CDATA[SLF4J: Failed to load class "org.slf4j.impl.StaticLoggerBinder".
SLF4J: Defaulting to no-operation (NOP) logger implementation
SLF4J: See http://www.slf4j.org/codes.html#StaticLoggerBinder for further details.
ERROR StatusLogger Log4j2 could not find a logging implementation. Please add log4j-core to the classpath. Using SimpleLogger to log to the console...
1692549888907	geckodriver	INFO	Listening on 127.0.0.1:24267
1692549889128	mozrunner::runner	INFO	Running command: "C:\\Program Files\\Mozilla Firefox\\firefox.exe" "--marionette" "--remote-debugging-port" "16160" "--remote ... localhost:16160/,http://[::1]:16160/" "-no-remote" "-profile" "C:\\Users\\aaiqb\\AppData\\Local\\Temp\\rust_mozprofilelxCKwg"
console.warn: services.settings: Ignoring preference override of remote settings server
console.warn: services.settings: Allow by setting MOZ_REMOTE_SETTINGS_DEVTOOLS=1 in the environment
1692549889384	Marionette	INFO	Marionette enabled
Dynamically enable window occlusion 0
1692549889437	Marionette	INFO	Listening on port 61904
WebDriver BiDi listening on ws://127.0.0.1:16160
Read port: 61904
1692549889567	RemoteAgent	WARN	TLS certificate errors will be ignored for this session
DevTools listening on ws://127.0.0.1:16160/devtools/browser/9f049101-8772-461d-98e6-73b78a47746b
console.warn: LoginRecipes: "Falling back to a synchronous message for: https://tek-retail-ui.azurewebsites.net."
console.warn: LoginRecipes: "Falling back to a synchronous message for: https://tek-retail-ui.azurewebsites.net."
1692549895610	RemoteAgent	INFO	Perform WebSocket upgrade for incoming connection from 127.0.0.1:61966
1692549895612	CDP	WARN	Invalid browser preferences for CDP. Set "fission.webContentIsolationStrategy"to 0 and "fission.bfcacheInParent" to false before Firefox starts.
1692549895634	Marionette	INFO	Stopped listening on port 61904
JavaScript warning: https://tek-retail-ui.azurewebsites.net/static/js/main.67ca8d7c.js, line 2: Script terminated by timeout at:
Wt@https://tek-retail-ui.azurewebsites.net/static/js/main.67ca8d7c.js:2:290155

Dynamically enable window occlusion 1
[Parent 5204, IPC I/O Parent] WARNING: DuplicateHandle failed for handle 0 in TransferHandles: file /builds/worker/checkouts/gecko/ipc/chromium/src/chrome/common/ipc_channel_win.cc:621
[GPU 74132, IPC I/O Child] WARNING: pipe error: 232: file /builds/worker/checkouts/gecko/ipc/chromium/src/chrome/common/ipc_channel_win.cc:443
[Parent 5204, IPC I/O Parent] WARNING: DuplicateHandle failed for handle 0 in TransferHandles: file /builds/worker/checkouts/gecko/ipc/chromium/src/chrome/common/ipc_channel_win.cc:621
[GPU 74132, IPC I/O Child] WARNING: pipe error: 232: file /builds/worker/checkouts/gecko/ipc/chromium/src/chrome/common/ipc_channel_win.cc:443
[Parent 5204, IPC I/O Parent] WARNING: DuplicateHandle failed for handle 0 in TransferHandles: file /builds/worker/checkouts/gecko/ipc/chromium/src/chrome/common/ipc_channel_win.cc:621
[GPU 74132, IPC I/O Child] WARNING: pipe error: 232: file /builds/worker/checkouts/gecko/ipc/chromium/src/chrome/common/ipc_channel_win.cc:443
[Parent 5204, IPC I/O Parent] WARNING: DuplicateHandle failed for handle 0 in TransferHandles: file /builds/worker/checkouts/gecko/ipc/chromium/src/chrome/common/ipc_channel_win.cc:621
[GPU 74132, IPC I/O Child] WARNING: pipe error: 232: file /builds/worker/checkouts/gecko/ipc/chromium/src/chrome/common/ipc_channel_win.cc:443
[Parent 5204, IPC I/O Parent] WARNING: DuplicateHandle failed for handle 0 in TransferHandles: file /builds/worker/checkouts/gecko/ipc/chromium/src/chrome/common/ipc_channel_win.cc:621
[GPU 74132, IPC I/O Child] WARNING: pipe error: 232: file /builds/worker/checkouts/gecko/ipc/chromium/src/chrome/common/ipc_channel_win.cc:443
[Parent 5204, IPC I/O Parent] WARNING: DuplicateHandle failed for handle 0 in TransferHandles: file /builds/worker/checkouts/gecko/ipc/chromium/src/chrome/common/ipc_channel_win.cc:621
[GPU 74132, IPC I/O Child] WARNING: pipe error: 232: file /builds/worker/checkouts/gecko/ipc/chromium/src/chrome/common/ipc_channel_win.cc:443
]]></system-err>
  </testcase>
</testsuite>